[0m[[0m[0minfo[0m] [0m[0mLoading settings from idea.sbt ...[0m
[0m[[0m[0minfo[0m] [0m[0mLoading global plugins from /home/trolley813/.sbt/1.0/plugins[0m
[0m[[0m[0minfo[0m] [0m[0mLoading settings from release.sbt,assembly.sbt ...[0m
[0m[[0m[0minfo[0m] [0m[0mLoading project definition from /home/trolley813/clover/tsp/project[0m
[0m[[0m[0minfo[0m] [0m[0mLoading settings from build.sbt ...[0m
[0m[[0m[0minfo[0m] [0m[0mSet current project to TSP (in build file:/home/trolley813/clover/tsp/)[0m
[0m[[0m[0minfo[0m] [0m[0mWrote /home/trolley813/clover/tsp/target/scala-2.11/tsp_2.11-0.11.3-1-g8a5df72-SNAPSHOT.pom[0m
[0m[[0m[33mwarn[0m] [0m[0mYou have no main class in your project. No start script will be generated.[0m
[0m[[0m[33mwarn[0m] [0m[0mYou have no main class in your project. No start script will be generated.[0m
[0m[[0m[0minfo[0m] [0m[0mWrote /home/trolley813/clover/tsp/core/target/scala-2.11/core_2.11-0.11.3-1-g8a5df72-SNAPSHOT.pom[0m
[0m[[0m[0minfo[0m] [0m[0mWrote /home/trolley813/clover/tsp/config/target/scala-2.11/config_2.11-0.11.3-1-g8a5df72-SNAPSHOT.pom[0m
[0m[[0m[0minfo[0m] [0m[0mPackaging /home/trolley813/clover/tsp/config/target/scala-2.11/config_2.11-0.11.3-1-g8a5df72-SNAPSHOT.jar ...[0m
[0m[[0m[0minfo[0m] [0m[0mDone packaging.[0m
[0m[[0m[0minfo[0m] [0m[0mWrote /home/trolley813/clover/tsp/dsl/target/scala-2.11/dsl_2.11-0.11.3-1-g8a5df72-SNAPSHOT.pom[0m
[0m[[0m[0minfo[0m] [0m[0mMain Scala API documentation to /home/trolley813/clover/tsp/flink/target/scala-2.11/api...[0m
[0m[[0m[0minfo[0m] [0m[0mWrote /home/trolley813/clover/tsp/flink/target/scala-2.11/flinkconnector_2.11-0.11.3-1-g8a5df72-SNAPSHOT.pom[0m
[0m[[0m[0minfo[0m] [0m[0mIncluding from cache: flink-metrics-core-1.6.0.jar[0m
[0m[[0m[0minfo[0m] [0m[0mIncluding from cache: akka-slf4j_2.11-2.5.16.jar[0m
[0m[[0m[0minfo[0m] [0m[0mIncluding from cache: grizzled-slf4j_2.11-1.0.2.jar[0m
[0m[[0m[0minfo[0m] [0m[0mIncluding from cache: flink-shaded-asm-5.0.4-4.0.jar[0m
[0m[[0m[0minfo[0m] [0m[0mIncluding from cache: scopt_2.11-3.5.0.jar[0m
[0m[[0m[0minfo[0m] [0m[0mIncluding from cache: commons-lang3-3.3.2.jar[0m
[0m[[0m[0minfo[0m] [0m[0mIncluding from cache: kryo-2.24.0.jar[0m
[0m[[0m[0minfo[0m] [0m[0mIncluding from cache: minlog-1.2.jar[0m
[0m[[0m[0minfo[0m] [0m[0mIncluding from cache: snappy-java-1.1.4.jar[0m
[0m[[0m[0minfo[0m] [0m[0mIncluding from cache: objenesis-2.1.jar[0m
[0m[[0m[0minfo[0m] [0m[0mIncluding from cache: chill_2.11-0.7.4.jar[0m
[0m[[0m[0minfo[0m] [0m[0mIncluding from cache: flink-shaded-guava-18.0-4.0.jar[0m
[0m[[0m[0minfo[0m] [0m[0mIncluding from cache: flink-hadoop-fs-1.6.0.jar[0m
[0m[[0m[0minfo[0m] [0m[0mIncluding from cache: commons-io-2.4.jar[0m
[0m[[0m[0minfo[0m] [0m[0mIncluding from cache: chill-java-0.7.4.jar[0m
[0m[[0m[0minfo[0m] [0m[0mIncluding from cache: flink-clients_2.11-1.6.0.jar[0m
[0m[[0m[0minfo[0m] [0m[0mIncluding from cache: scala-library-2.11.12.jar[0m
[0m[[0m[0minfo[0m] [0m[0mIncluding from cache: commons-collections-3.2.2.jar[0m
[0m[[0m[0minfo[0m] [0m[0mIncluding from cache: scalactic_2.11-3.0.4.jar[0m
[0m[[0m[0minfo[0m] [0m[0mIncluding from cache: flink-optimizer_2.11-1.6.0.jar[0m
[0m[[0m[0minfo[0m] [0m[0mIncluding from cache: flink-streaming-scala_2.11-1.6.0.jar[0m
[0m[[0m[0minfo[0m] [0m[0mIncluding from cache: flink-java-1.6.0.jar[0m
[0m[[0m[0minfo[0m] [0m[0mIncluding from cache: flink-shaded-jackson-2.7.9-4.0.jar[0m
[0m[[0m[0minfo[0m] [0m[0mIncluding from cache: commons-cli-1.3.1.jar[0m
[0m[[0m[0minfo[0m] [0m[0mIncluding from cache: javassist-3.19.0-GA.jar[0m
[0m[[0m[0minfo[0m] [0m[0mIncluding from cache: flink-streaming-java_2.11-1.6.0.jar[0m
[0m[[0m[0minfo[0m] [0m[0mIncluding from cache: scala-java8-compat_2.11-0.7.0.jar[0m
[0m[[0m[0minfo[0m] [0m[0mIncluding from cache: commons-math3-3.5.jar[0m
[0m[[0m[0minfo[0m] [0m[0mIncluding from cache: scala-reflect-2.11.12.jar[0m
[0m[[0m[0minfo[0m] [0m[0mIncluding from cache: flink-connector-kafka-0.10_2.11-1.6.0.jar[0m
[0m[[0m[0minfo[0m] [0m[0mIncluding from cache: flink-connector-kafka-0.9_2.11-1.6.0.jar[0m
[0m[[0m[0minfo[0m] [0m[0mIncluding from cache: flink-connector-kafka-base_2.11-1.6.0.jar[0m
[0m[[0m[0minfo[0m] [0m[0mIncluding from cache: joda-time-2.9.9.jar[0m
[0m[[0m[0minfo[0m] [0m[0mIncluding from cache: logback-classic-1.2.3.jar[0m
[0m[[0m[0minfo[0m] [0m[0mIncluding from cache: logback-core-1.2.3.jar[0m
[0m[[0m[0minfo[0m] [0m[0mIncluding from cache: flink-runtime-web_2.11-1.6.0.jar[0m
[0m[[0m[0minfo[0m] [0m[0mIncluding from cache: kafka-clients-0.10.2.1.jar[0m
[0m[[0m[0minfo[0m] [0m[0mIncluding from cache: lz4-1.3.0.jar[0m
[0m[[0m[0minfo[0m] [0m[0mIncluding from cache: flink-jdbc-1.6.0.jar[0m
[0m[[0m[0minfo[0m] [0m[0mIncluding from cache: influxdb-java-2.10.jar[0m
[0m[[0m[0minfo[0m] [0m[0mIncluding from cache: retrofit-2.4.0.jar[0m
[0m[[0m[0minfo[0m] [0m[0mIncluding from cache: slf4j-api-1.7.25.jar[0m
[0m[[0m[0minfo[0m] [0m[0mIncluding from cache: scala-logging_2.11-3.7.2.jar[0m
[0m[[0m[0minfo[0m] [0m[0mIncluding from cache: okhttp-3.10.0.jar[0m
[0m[[0m[0minfo[0m] [0m[0mIncluding from cache: okio-1.14.0.jar[0m
[0m[[0m[0minfo[0m] [0m[0mIncluding from cache: converter-moshi-2.4.0.jar[0m
[0m[[0m[0minfo[0m] [0m[0mIncluding from cache: moshi-1.5.0.jar[0m
[0m[[0m[0minfo[0m] [0m[0mIncluding from cache: logging-interceptor-3.10.0.jar[0m
[0m[[0m[0minfo[0m] [0m[0mIncluding from cache: clickhouse-jdbc-0.1.34.jar[0m
[0m[[0m[0minfo[0m] [0m[0mIncluding from cache: httpclient-4.5.2.jar[0m
[0m[[0m[0minfo[0m] [0m[0mIncluding from cache: httpcore-4.4.4.jar[0m
[0m[[0m[0minfo[0m] [0m[0mIncluding from cache: commons-logging-1.2.jar[0m
[0m[[0m[0minfo[0m] [0m[0mIncluding from cache: commons-codec-1.9.jar[0m
[0m[[0m[0minfo[0m] [0m[0mIncluding from cache: httpmime-4.5.2.jar[0m
[0m[[0m[0minfo[0m] [0m[0mIncluding from cache: cats-core_2.11-1.2.0.jar[0m
[0m[[0m[0minfo[0m] [0m[0mIncluding from cache: cats-macros_2.11-1.2.0.jar[0m
[0m[[0m[0minfo[0m] [0m[0mIncluding from cache: machinist_2.11-0.6.4.jar[0m
[0m[[0m[0minfo[0m] [0m[0mIncluding from cache: akka-stream_2.11-2.5.16.jar[0m
[0m[[0m[0minfo[0m] [0m[0mIncluding from cache: jackson-databind-2.9.4.jar[0m
[0m[[0m[0minfo[0m] [0m[0mIncluding from cache: jackson-core-2.9.4.jar[0m
[0m[[0m[0minfo[0m] [0m[0mIncluding from cache: flink-runtime_2.11-1.6.0.jar[0m
[0m[[0m[0minfo[0m] [0m[0mIncluding from cache: flink-queryable-state-client-java_2.11-1.6.0.jar[0m
[0m[[0m[0minfo[0m] [0m[0mIncluding from cache: guava-19.0.jar[0m
[0m[[0m[0minfo[0m] [0m[0mIncluding from cache: cats-kernel_2.11-1.2.0.jar[0m
[0m[[0m[0minfo[0m] [0m[0mIncluding from cache: flink-shaded-netty-4.1.24.Final-4.0.jar[0m
[0m[[0m[0minfo[0m] [0m[0mIncluding from cache: postgresql-42.2.2.jar[0m
[0m[[0m[0minfo[0m] [0m[0mIncluding from cache: akka-actor_2.11-2.5.16.jar[0m
[0m[[0m[0minfo[0m] [0m[0mIncluding from cache: akka-protobuf_2.11-2.5.16.jar[0m
[0m[[0m[0minfo[0m] [0m[0mIncluding from cache: parboiled_2.11-2.1.4.jar[0m
[0m[[0m[0minfo[0m] [0m[0mIncluding from cache: reactive-streams-1.0.2.jar[0m
[0m[[0m[0minfo[0m] [0m[0mIncluding from cache: ssl-config-core_2.11-0.2.4.jar[0m
[0m[[0m[0minfo[0m] [0m[0mIncluding from cache: scala-parser-combinators_2.11-1.1.1.jar[0m
[0m[[0m[0minfo[0m] [0m[0mIncluding from cache: avro-1.8.2.jar[0m
[0m[[0m[0minfo[0m] [0m[0mIncluding from cache: jackson-core-asl-1.9.13.jar[0m
[0m[[0m[0minfo[0m] [0m[0mIncluding from cache: jackson-mapper-asl-1.9.13.jar[0m
[0m[[0m[0minfo[0m] [0m[0mIncluding from cache: commons-compress-1.8.1.jar[0m
[0m[[0m[0minfo[0m] [0m[0mIncluding from cache: xz-1.5.jar[0m
[0m[[0m[0minfo[0m] [0m[0mIncluding from cache: jackson-module-scala_2.11-2.9.4.jar[0m
[0m[[0m[0minfo[0m] [0m[0mIncluding from cache: jackson-annotations-2.9.4.jar[0m
[0m[[0m[0minfo[0m] [0m[0mIncluding from cache: shapeless_2.11-2.3.2.jar[0m
[0m[[0m[0minfo[0m] [0m[0mIncluding from cache: macro-compat_2.11-1.1.1.jar[0m
[0m[[0m[0minfo[0m] [0m[0mIncluding from cache: util-eval_2.11-6.43.0.jar[0m
[0m[[0m[0minfo[0m] [0m[0mIncluding from cache: jackson-module-paranamer-2.9.4.jar[0m
[0m[[0m[0minfo[0m] [0m[0mIncluding from cache: paranamer-2.8.jar[0m
[0m[[0m[0minfo[0m] [0m[0mIncluding from cache: akka-http_2.11-10.1.4.jar[0m
[0m[[0m[0minfo[0m] [0m[0mIncluding from cache: akka-http-core_2.11-10.1.4.jar[0m
[0m[[0m[0minfo[0m] [0m[0mIncluding from cache: akka-parsing_2.11-10.1.4.jar[0m
[0m[[0m[0minfo[0m] [0m[0mIncluding from cache: akka-http-spray-json_2.11-10.1.4.jar[0m
[0m[[0m[0minfo[0m] [0m[0mIncluding from cache: spray-json_2.11-1.3.4.jar[0m
[0m[[0m[0minfo[0m] [0m[0mIncluding from cache: akka-http-testkit_2.11-10.1.4.jar[0m
[0m[[0m[0minfo[0m] [0m[0mIncluding from cache: akka-stream-testkit_2.11-2.5.12.jar[0m
[0m[[0m[0minfo[0m] [0m[0mIncluding from cache: akka-testkit_2.11-2.5.12.jar[0m
[0m[[0m[0minfo[0m] [0m[0mIncluding from cache: config-1.3.3.jar[0m
[0m[[0m[0minfo[0m] [0m[0mIncluding from cache: scala-compiler-2.11.12.jar[0m
[0m[[0m[0minfo[0m] [0m[0mIncluding from cache: scala-xml_2.11-1.0.5.jar[0m
[0m[[0m[0minfo[0m] [0m[0mIncluding from cache: util-core_2.11-6.43.0.jar[0m
[0m[[0m[0minfo[0m] [0m[0mIncluding from cache: util-function_2.11-6.43.0.jar[0m
[0m[[0m[0minfo[0m] [0m[0mIncluding from cache: flink-scala_2.11-1.6.0.jar[0m
[0m[[0m[0minfo[0m] [0m[0mIncluding from cache: flink-core-1.6.0.jar[0m
[0m[[0m[0minfo[0m] [0m[0mIncluding from cache: flink-annotations-1.6.0.jar[0m
[0m[[0m[0minfo[0m] [0m[0mIncluding from cache: jsr305-1.3.9.jar[0m
[0m[[0m[0minfo[0m] [0m[0mIncluding from cache: force-shading-1.6.0.jar[0m
[0m[[0m[0minfo[0m] [0m[0mScalaTest[0m
[0m[[0m[0minfo[0m] [0m[0m[36mRun completed in 126 milliseconds.[0m[0m
[0m[[0m[0minfo[0m] [0m[0m[36mTotal number of tests run: 0[0m[0m
[0m[[0m[0minfo[0m] [0m[0m[36mSuites: completed 0, aborted 0[0m[0m
[0m[[0m[0minfo[0m] [0m[0m[36mTests: succeeded 0, failed 0, canceled 0, ignored 0, pending 0[0m[0m
[0m[[0m[0minfo[0m] [0m[0m[33mNo tests were executed.[0m[0m
[0m[[0m[0minfo[0m] [0m[0mChecking every *.class/*.jar file's SHA-1.[0m
[0m[[0m[0minfo[0m] [0m[0mMerging files...[0m
[0m[[0m[33mwarn[0m] [0m[0mMerging 'META-INF/DEPENDENCIES' with strategy 'discard'[0m
[0m[[0m[33mwarn[0m] [0m[0mMerging 'META-INF/INDEX.LIST' with strategy 'discard'[0m
[0m[[0m[33mwarn[0m] [0m[0mMerging 'META-INF/MANIFEST.MF' with strategy 'discard'[0m
[0m[[0m[33mwarn[0m] [0m[0mMerging 'META-INF/maven/ch.qos.logback/logback-classic/pom.properties' with strategy 'discard'[0m
[0m[[0m[33mwarn[0m] [0m[0mMerging 'META-INF/maven/ch.qos.logback/logback-classic/pom.xml' with strategy 'discard'[0m
[0m[[0m[33mwarn[0m] [0m[0mMerging 'META-INF/maven/ch.qos.logback/logback-core/pom.properties' with strategy 'discard'[0m
[0m[[0m[33mwarn[0m] [0m[0mMerging 'META-INF/maven/ch.qos.logback/logback-core/pom.xml' with strategy 'discard'[0m
[0m[[0m[33mwarn[0m] [0m[0mMerging 'META-INF/maven/com.esotericsoftware.kryo/kryo/pom.properties' with strategy 'discard'[0m
[0m[[0m[33mwarn[0m] [0m[0mMerging 'META-INF/maven/com.esotericsoftware.kryo/kryo/pom.xml' with strategy 'discard'[0m
[0m[[0m[33mwarn[0m] [0m[0mMerging 'META-INF/maven/com.esotericsoftware.minlog/minlog/pom.properties' with strategy 'discard'[0m
[0m[[0m[33mwarn[0m] [0m[0mMerging 'META-INF/maven/com.esotericsoftware.minlog/minlog/pom.xml' with strategy 'discard'[0m
[0m[[0m[33mwarn[0m] [0m[0mMerging 'META-INF/maven/com.esotericsoftware.reflectasm/reflectasm/pom.properties' with strategy 'discard'[0m
[0m[[0m[33mwarn[0m] [0m[0mMerging 'META-INF/maven/com.esotericsoftware.reflectasm/reflectasm/pom.xml' with strategy 'discard'[0m
[0m[[0m[33mwarn[0m] [0m[0mMerging 'META-INF/maven/com.fasterxml.jackson.core/jackson-annotations/pom.properties' with strategy 'discard'[0m
[0m[[0m[33mwarn[0m] [0m[0mMerging 'META-INF/maven/com.fasterxml.jackson.core/jackson-annotations/pom.xml' with strategy 'discard'[0m
[0m[[0m[33mwarn[0m] [0m[0mMerging 'META-INF/maven/com.fasterxml.jackson.core/jackson-core/pom.properties' with strategy 'discard'[0m
[0m[[0m[33mwarn[0m] [0m[0mMerging 'META-INF/maven/com.fasterxml.jackson.core/jackson-core/pom.xml' with strategy 'discard'[0m
[0m[[0m[33mwarn[0m] [0m[0mMerging 'META-INF/maven/com.fasterxml.jackson.core/jackson-databind/pom.properties' with strategy 'discard'[0m
[0m[[0m[33mwarn[0m] [0m[0mMerging 'META-INF/maven/com.fasterxml.jackson.core/jackson-databind/pom.xml' with strategy 'discard'[0m
[0m[[0m[33mwarn[0m] [0m[0mMerging 'META-INF/maven/com.fasterxml.jackson.dataformat/jackson-dataformat-yaml/pom.properties' with strategy 'discard'[0m
[0m[[0m[33mwarn[0m] [0m[0mMerging 'META-INF/maven/com.fasterxml.jackson.dataformat/jackson-dataformat-yaml/pom.xml' with strategy 'discard'[0m
[0m[[0m[33mwarn[0m] [0m[0mMerging 'META-INF/maven/com.fasterxml.jackson.module/jackson-module-paranamer/pom.properties' with strategy 'discard'[0m
[0m[[0m[33mwarn[0m] [0m[0mMerging 'META-INF/maven/com.fasterxml.jackson.module/jackson-module-paranamer/pom.xml' with strategy 'discard'[0m
[0m[[0m[33mwarn[0m] [0m[0mMerging 'META-INF/maven/com.google.guava/guava/pom.properties' with strategy 'discard'[0m
[0m[[0m[33mwarn[0m] [0m[0mMerging 'META-INF/maven/com.google.guava/guava/pom.xml' with strategy 'discard'[0m
[0m[[0m[33mwarn[0m] [0m[0mMerging 'META-INF/maven/com.ongres.scram/client/pom.properties' with strategy 'discard'[0m
[0m[[0m[33mwarn[0m] [0m[0mMerging 'META-INF/maven/com.ongres.scram/client/pom.xml' with strategy 'discard'[0m
[0m[[0m[33mwarn[0m] [0m[0mMerging 'META-INF/maven/com.ongres.scram/common/pom.properties' with strategy 'discard'[0m
[0m[[0m[33mwarn[0m] [0m[0mMerging 'META-INF/maven/com.ongres.scram/common/pom.xml' with strategy 'discard'[0m
[0m[[0m[33mwarn[0m] [0m[0mMerging 'META-INF/maven/com.squareup.moshi/moshi/pom.properties' with strategy 'discard'[0m
[0m[[0m[33mwarn[0m] [0m[0mMerging 'META-INF/maven/com.squareup.moshi/moshi/pom.xml' with strategy 'discard'[0m
[0m[[0m[33mwarn[0m] [0m[0mMerging 'META-INF/maven/com.squareup.okhttp3/logging-interceptor/pom.properties' with strategy 'discard'[0m
[0m[[0m[33mwarn[0m] [0m[0mMerging 'META-INF/maven/com.squareup.okhttp3/logging-interceptor/pom.xml' with strategy 'discard'[0m
[0m[[0m[33mwarn[0m] [0m[0mMerging 'META-INF/maven/com.squareup.okhttp3/okhttp/pom.properties' with strategy 'discard'[0m
[0m[[0m[33mwarn[0m] [0m[0mMerging 'META-INF/maven/com.squareup.okhttp3/okhttp/pom.xml' with strategy 'discard'[0m
[0m[[0m[33mwarn[0m] [0m[0mMerging 'META-INF/maven/com.squareup.okio/okio/pom.properties' with strategy 'discard'[0m
[0m[[0m[33mwarn[0m] [0m[0mMerging 'META-INF/maven/com.squareup.okio/okio/pom.xml' with strategy 'discard'[0m
[0m[[0m[33mwarn[0m] [0m[0mMerging 'META-INF/maven/com.squareup.retrofit2/converter-moshi/pom.properties' with strategy 'discard'[0m
[0m[[0m[33mwarn[0m] [0m[0mMerging 'META-INF/maven/com.squareup.retrofit2/converter-moshi/pom.xml' with strategy 'discard'[0m
[0m[[0m[33mwarn[0m] [0m[0mMerging 'META-INF/maven/com.squareup.retrofit2/retrofit/pom.properties' with strategy 'discard'[0m
[0m[[0m[33mwarn[0m] [0m[0mMerging 'META-INF/maven/com.squareup.retrofit2/retrofit/pom.xml' with strategy 'discard'[0m
[0m[[0m[33mwarn[0m] [0m[0mMerging 'META-INF/maven/com.thoughtworks.paranamer/paranamer/pom.properties' with strategy 'discard'[0m
[0m[[0m[33mwarn[0m] [0m[0mMerging 'META-INF/maven/com.thoughtworks.paranamer/paranamer/pom.xml' with strategy 'discard'[0m
[0m[[0m[33mwarn[0m] [0m[0mMerging 'META-INF/maven/commons-cli/commons-cli/pom.properties' with strategy 'discard'[0m
[0m[[0m[33mwarn[0m] [0m[0mMerging 'META-INF/maven/commons-cli/commons-cli/pom.xml' with strategy 'discard'[0m
[0m[[0m[33mwarn[0m] [0m[0mMerging 'META-INF/maven/commons-codec/commons-codec/pom.properties' with strategy 'discard'[0m
[0m[[0m[33mwarn[0m] [0m[0mMerging 'META-INF/maven/commons-codec/commons-codec/pom.xml' with strategy 'discard'[0m
[0m[[0m[33mwarn[0m] [0m[0mMerging 'META-INF/maven/commons-collections/commons-collections/pom.properties' with strategy 'discard'[0m
[0m[[0m[33mwarn[0m] [0m[0mMerging 'META-INF/maven/commons-collections/commons-collections/pom.xml' with strategy 'discard'[0m
[0m[[0m[33mwarn[0m] [0m[0mMerging 'META-INF/maven/commons-io/commons-io/pom.properties' with strategy 'discard'[0m
[0m[[0m[33mwarn[0m] [0m[0mMerging 'META-INF/maven/commons-io/commons-io/pom.xml' with strategy 'discard'[0m
[0m[[0m[33mwarn[0m] [0m[0mMerging 'META-INF/maven/commons-logging/commons-logging/pom.properties' with strategy 'discard'[0m
[0m[[0m[33mwarn[0m] [0m[0mMerging 'META-INF/maven/commons-logging/commons-logging/pom.xml' with strategy 'discard'[0m
[0m[[0m[33mwarn[0m] [0m[0mMerging 'META-INF/maven/io.netty/netty-all/pom.properties' with strategy 'discard'[0m
[0m[[0m[33mwarn[0m] [0m[0mMerging 'META-INF/maven/io.netty/netty-all/pom.xml' with strategy 'discard'[0m
[0m[[0m[33mwarn[0m] [0m[0mMerging 'META-INF/maven/jline/jline/pom.properties' with strategy 'discard'[0m
[0m[[0m[33mwarn[0m] [0m[0mMerging 'META-INF/maven/jline/jline/pom.xml' with strategy 'discard'[0m
[0m[[0m[33mwarn[0m] [0m[0mMerging 'META-INF/maven/joda-time/joda-time/pom.properties' with strategy 'discard'[0m
[0m[[0m[33mwarn[0m] [0m[0mMerging 'META-INF/maven/joda-time/joda-time/pom.xml' with strategy 'discard'[0m
[0m[[0m[33mwarn[0m] [0m[0mMerging 'META-INF/maven/org.apache.avro/avro-guava-dependencies/pom.properties' with strategy 'discard'[0m
[0m[[0m[33mwarn[0m] [0m[0mMerging 'META-INF/maven/org.apache.avro/avro-guava-dependencies/pom.xml' with strategy 'discard'[0m
[0m[[0m[33mwarn[0m] [0m[0mMerging 'META-INF/maven/org.apache.avro/avro/pom.properties' with strategy 'discard'[0m
[0m[[0m[33mwarn[0m] [0m[0mMerging 'META-INF/maven/org.apache.avro/avro/pom.xml' with strategy 'discard'[0m
[0m[[0m[33mwarn[0m] [0m[0mMerging 'META-INF/maven/org.apache.commons/commons-compress/pom.properties' with strategy 'discard'[0m
[0m[[0m[33mwarn[0m] [0m[0mMerging 'META-INF/maven/org.apache.commons/commons-compress/pom.xml' with strategy 'discard'[0m
[0m[[0m[33mwarn[0m] [0m[0mMerging 'META-INF/maven/org.apache.commons/commons-lang3/pom.properties' with strategy 'discard'[0m
[0m[[0m[33mwarn[0m] [0m[0mMerging 'META-INF/maven/org.apache.commons/commons-lang3/pom.xml' with strategy 'discard'[0m
[0m[[0m[33mwarn[0m] [0m[0mMerging 'META-INF/maven/org.apache.commons/commons-math3/pom.properties' with strategy 'discard'[0m
[0m[[0m[33mwarn[0m] [0m[0mMerging 'META-INF/maven/org.apache.commons/commons-math3/pom.xml' with strategy 'discard'[0m
[0m[[0m[33mwarn[0m] [0m[0mMerging 'META-INF/maven/org.apache.curator/curator-client/pom.properties' with strategy 'discard'[0m
[0m[[0m[33mwarn[0m] [0m[0mMerging 'META-INF/maven/org.apache.curator/curator-client/pom.xml' with strategy 'discard'[0m
[0m[[0m[33mwarn[0m] [0m[0mMerging 'META-INF/maven/org.apache.curator/curator-framework/pom.properties' with strategy 'discard'[0m
[0m[[0m[33mwarn[0m] [0m[0mMerging 'META-INF/maven/org.apache.curator/curator-framework/pom.xml' with strategy 'discard'[0m
[0m[[0m[33mwarn[0m] [0m[0mMerging 'META-INF/maven/org.apache.curator/curator-recipes/pom.properties' with strategy 'discard'[0m
[0m[[0m[33mwarn[0m] [0m[0mMerging 'META-INF/maven/org.apache.curator/curator-recipes/pom.xml' with strategy 'discard'[0m
[0m[[0m[33mwarn[0m] [0m[0mMerging 'META-INF/maven/org.apache.flink/flink-annotations/pom.properties' with strategy 'discard'[0m
[0m[[0m[33mwarn[0m] [0m[0mMerging 'META-INF/maven/org.apache.flink/flink-annotations/pom.xml' with strategy 'discard'[0m
[0m[[0m[33mwarn[0m] [0m[0mMerging 'META-INF/maven/org.apache.flink/flink-clients_2.11/pom.properties' with strategy 'discard'[0m
[0m[[0m[33mwarn[0m] [0m[0mMerging 'META-INF/maven/org.apache.flink/flink-clients_2.11/pom.xml' with strategy 'discard'[0m
[0m[[0m[33mwarn[0m] [0m[0mMerging 'META-INF/maven/org.apache.flink/flink-connector-kafka-0.10_2.11/pom.properties' with strategy 'discard'[0m
[0m[[0m[33mwarn[0m] [0m[0mMerging 'META-INF/maven/org.apache.flink/flink-connector-kafka-0.10_2.11/pom.xml' with strategy 'discard'[0m
[0m[[0m[33mwarn[0m] [0m[0mMerging 'META-INF/maven/org.apache.flink/flink-connector-kafka-0.9_2.11/pom.properties' with strategy 'discard'[0m
[0m[[0m[33mwarn[0m] [0m[0mMerging 'META-INF/maven/org.apache.flink/flink-connector-kafka-0.9_2.11/pom.xml' with strategy 'discard'[0m
[0m[[0m[33mwarn[0m] [0m[0mMerging 'META-INF/maven/org.apache.flink/flink-connector-kafka-base_2.11/pom.properties' with strategy 'discard'[0m
[0m[[0m[33mwarn[0m] [0m[0mMerging 'META-INF/maven/org.apache.flink/flink-connector-kafka-base_2.11/pom.xml' with strategy 'discard'[0m
[0m[[0m[33mwarn[0m] [0m[0mMerging 'META-INF/maven/org.apache.flink/flink-core/pom.properties' with strategy 'discard'[0m
[0m[[0m[33mwarn[0m] [0m[0mMerging 'META-INF/maven/org.apache.flink/flink-core/pom.xml' with strategy 'discard'[0m
[0m[[0m[33mwarn[0m] [0m[0mMerging 'META-INF/maven/org.apache.flink/flink-hadoop-fs/pom.properties' with strategy 'discard'[0m
[0m[[0m[33mwarn[0m] [0m[0mMerging 'META-INF/maven/org.apache.flink/flink-hadoop-fs/pom.xml' with strategy 'discard'[0m
[0m[[0m[33mwarn[0m] [0m[0mMerging 'META-INF/maven/org.apache.flink/flink-java/pom.properties' with strategy 'discard'[0m
[0m[[0m[33mwarn[0m] [0m[0mMerging 'META-INF/maven/org.apache.flink/flink-java/pom.xml' with strategy 'discard'[0m
[0m[[0m[33mwarn[0m] [0m[0mMerging 'META-INF/maven/org.apache.flink/flink-jdbc/pom.properties' with strategy 'discard'[0m
[0m[[0m[33mwarn[0m] [0m[0mMerging 'META-INF/maven/org.apache.flink/flink-jdbc/pom.xml' with strategy 'discard'[0m
[0m[[0m[33mwarn[0m] [0m[0mMerging 'META-INF/maven/org.apache.flink/flink-metrics-core/pom.properties' with strategy 'discard'[0m
[0m[[0m[33mwarn[0m] [0m[0mMerging 'META-INF/maven/org.apache.flink/flink-metrics-core/pom.xml' with strategy 'discard'[0m
[0m[[0m[33mwarn[0m] [0m[0mMerging 'META-INF/maven/org.apache.flink/flink-optimizer_2.11/pom.properties' with strategy 'discard'[0m
[0m[[0m[33mwarn[0m] [0m[0mMerging 'META-INF/maven/org.apache.flink/flink-optimizer_2.11/pom.xml' with strategy 'discard'[0m
[0m[[0m[33mwarn[0m] [0m[0mMerging 'META-INF/maven/org.apache.flink/flink-queryable-state-client-java_2.11/pom.properties' with strategy 'discard'[0m
[0m[[0m[33mwarn[0m] [0m[0mMerging 'META-INF/maven/org.apache.flink/flink-queryable-state-client-java_2.11/pom.xml' with strategy 'discard'[0m
[0m[[0m[33mwarn[0m] [0m[0mMerging 'META-INF/maven/org.apache.flink/flink-runtime-web_2.11/pom.properties' with strategy 'discard'[0m
[0m[[0m[33mwarn[0m] [0m[0mMerging 'META-INF/maven/org.apache.flink/flink-runtime-web_2.11/pom.xml' with strategy 'discard'[0m
[0m[[0m[33mwarn[0m] [0m[0mMerging 'META-INF/maven/org.apache.flink/flink-runtime_2.11/pom.properties' with strategy 'discard'[0m
[0m[[0m[33mwarn[0m] [0m[0mMerging 'META-INF/maven/org.apache.flink/flink-runtime_2.11/pom.xml' with strategy 'discard'[0m
[0m[[0m[33mwarn[0m] [0m[0mMerging 'META-INF/maven/org.apache.flink/flink-scala_2.11/pom.properties' with strategy 'discard'[0m
[0m[[0m[33mwarn[0m] [0m[0mMerging 'META-INF/maven/org.apache.flink/flink-scala_2.11/pom.xml' with strategy 'discard'[0m
[0m[[0m[33mwarn[0m] [0m[0mMerging 'META-INF/maven/org.apache.flink/flink-shaded-asm/pom.properties' with strategy 'discard'[0m
[0m[[0m[33mwarn[0m] [0m[0mMerging 'META-INF/maven/org.apache.flink/flink-shaded-asm/pom.xml' with strategy 'discard'[0m
[0m[[0m[33mwarn[0m] [0m[0mMerging 'META-INF/maven/org.apache.flink/flink-shaded-curator/pom.properties' with strategy 'discard'[0m
[0m[[0m[33mwarn[0m] [0m[0mMerging 'META-INF/maven/org.apache.flink/flink-shaded-curator/pom.xml' with strategy 'discard'[0m
[0m[[0m[33mwarn[0m] [0m[0mMerging 'META-INF/maven/org.apache.flink/flink-shaded-guava/pom.properties' with strategy 'discard'[0m
[0m[[0m[33mwarn[0m] [0m[0mMerging 'META-INF/maven/org.apache.flink/flink-shaded-guava/pom.xml' with strategy 'discard'[0m
[0m[[0m[33mwarn[0m] [0m[0mMerging 'META-INF/maven/org.apache.flink/flink-shaded-jackson/pom.properties' with strategy 'discard'[0m
[0m[[0m[33mwarn[0m] [0m[0mMerging 'META-INF/maven/org.apache.flink/flink-shaded-jackson/pom.xml' with strategy 'discard'[0m
[0m[[0m[33mwarn[0m] [0m[0mMerging 'META-INF/maven/org.apache.flink/flink-shaded-netty/pom.properties' with strategy 'discard'[0m
[0m[[0m[33mwarn[0m] [0m[0mMerging 'META-INF/maven/org.apache.flink/flink-shaded-netty/pom.xml' with strategy 'discard'[0m
[0m[[0m[33mwarn[0m] [0m[0mMerging 'META-INF/maven/org.apache.flink/flink-streaming-java_2.11/pom.properties' with strategy 'discard'[0m
[0m[[0m[33mwarn[0m] [0m[0mMerging 'META-INF/maven/org.apache.flink/flink-streaming-java_2.11/pom.xml' with strategy 'discard'[0m
[0m[[0m[33mwarn[0m] [0m[0mMerging 'META-INF/maven/org.apache.flink/flink-streaming-scala_2.11/pom.properties' with strategy 'discard'[0m
[0m[[0m[33mwarn[0m] [0m[0mMerging 'META-INF/maven/org.apache.flink/flink-streaming-scala_2.11/pom.xml' with strategy 'discard'[0m
[0m[[0m[33mwarn[0m] [0m[0mMerging 'META-INF/maven/org.apache.flink/force-shading/pom.properties' with strategy 'discard'[0m
[0m[[0m[33mwarn[0m] [0m[0mMerging 'META-INF/maven/org.apache.flink/force-shading/pom.xml' with strategy 'discard'[0m
[0m[[0m[33mwarn[0m] [0m[0mMerging 'META-INF/maven/org.apache.httpcomponents/httpclient/pom.properties' with strategy 'discard'[0m
[0m[[0m[33mwarn[0m] [0m[0mMerging 'META-INF/maven/org.apache.httpcomponents/httpclient/pom.xml' with strategy 'discard'[0m
[0m[[0m[33mwarn[0m] [0m[0mMerging 'META-INF/maven/org.apache.httpcomponents/httpcore/pom.properties' with strategy 'discard'[0m
[0m[[0m[33mwarn[0m] [0m[0mMerging 'META-INF/maven/org.apache.httpcomponents/httpcore/pom.xml' with strategy 'discard'[0m
[0m[[0m[33mwarn[0m] [0m[0mMerging 'META-INF/maven/org.apache.httpcomponents/httpmime/pom.properties' with strategy 'discard'[0m
[0m[[0m[33mwarn[0m] [0m[0mMerging 'META-INF/maven/org.apache.httpcomponents/httpmime/pom.xml' with strategy 'discard'[0m
[0m[[0m[33mwarn[0m] [0m[0mMerging 'META-INF/maven/org.influxdb/influxdb-java/pom.properties' with strategy 'discard'[0m
[0m[[0m[33mwarn[0m] [0m[0mMerging 'META-INF/maven/org.influxdb/influxdb-java/pom.xml' with strategy 'discard'[0m
[0m[[0m[33mwarn[0m] [0m[0mMerging 'META-INF/maven/org.javassist/javassist/pom.properties' with strategy 'discard'[0m
[0m[[0m[33mwarn[0m] [0m[0mMerging 'META-INF/maven/org.javassist/javassist/pom.xml' with strategy 'discard'[0m
[0m[[0m[33mwarn[0m] [0m[0mMerging 'META-INF/maven/org.postgresql/postgresql/pom.properties' with strategy 'discard'[0m
[0m[[0m[33mwarn[0m] [0m[0mMerging 'META-INF/maven/org.postgresql/postgresql/pom.xml' with strategy 'discard'[0m
[0m[[0m[33mwarn[0m] [0m[0mMerging 'META-INF/maven/org.slf4j/slf4j-api/pom.properties' with strategy 'discard'[0m
[0m[[0m[33mwarn[0m] [0m[0mMerging 'META-INF/maven/org.slf4j/slf4j-api/pom.xml' with strategy 'discard'[0m
[0m[[0m[33mwarn[0m] [0m[0mMerging 'META-INF/maven/org.yaml/snakeyaml/pom.properties' with strategy 'discard'[0m
[0m[[0m[33mwarn[0m] [0m[0mMerging 'META-INF/maven/org.yaml/snakeyaml/pom.xml' with strategy 'discard'[0m
[0m[[0m[33mwarn[0m] [0m[0mMerging 'META-INF/maven/ru.yandex.clickhouse/clickhouse-jdbc/pom.properties' with strategy 'discard'[0m
[0m[[0m[33mwarn[0m] [0m[0mMerging 'META-INF/maven/ru.yandex.clickhouse/clickhouse-jdbc/pom.xml' with strategy 'discard'[0m
[0m[[0m[33mwarn[0m] [0m[0mMerging 'META-INF/services/com.fasterxml.jackson.databind.Module' with strategy 'filterDistinctLines'[0m
[0m[[0m[33mwarn[0m] [0m[0mMerging 'META-INF/services/java.sql.Driver' with strategy 'filterDistinctLines'[0m
[0m[[0m[33mwarn[0m] [0m[0mMerging 'META-INF/services/org.apache.flink.table.factories.TableFactory' with strategy 'filterDistinctLines'[0m
[0m[[0m[33mwarn[0m] [0m[0mMerging 'application.conf' with strategy 'concat'[0m
[0m[[0m[33mwarn[0m] [0m[0mMerging 'reference.conf' with strategy 'concat'[0m
[0m[[0m[33mwarn[0m] [0m[0mMerging 'rootdoc.txt' with strategy 'concat'[0m
[0m[[0m[33mwarn[0m] [0m[0mStrategy 'concat' was applied to 3 files[0m
[0m[[0m[0minfo[0m] [0m[0mStrategy 'deduplicate' was applied to a file (Run the task at debug level to see details)[0m
[0m[[0m[33mwarn[0m] [0m[0mStrategy 'discard' was applied to 139 files[0m
[0m[[0m[33mwarn[0m] [0m[0mStrategy 'filterDistinctLines' was applied to 3 files[0m
[0m[[0m[0minfo[0m] [0m[0mAssembly up to date: /home/trolley813/clover/tsp/mainRunner/target/scala-2.11/TSP_v0.11.3-1-g8a5df72-SNAPSHOT.jar[0m
[0m[[0m[33mwarn[0m] [0m[0mthere was one feature warning; re-run with -feature for details[0m
model contains 54 documentable templates
[0m[[0m[33mwarn[0m] [0m[0m/home/trolley813/clover/tsp/flink/src/main/scala/ru/itclover/tsp/ToRowResultMapper.scala:73:1: Could not find any member to link for "org.apache.flink.types.Row".[0m
[0m[[0m[33mwarn[0m] [0m[0m/**[0m
[0m[[0m[33mwarn[0m] [0m[0m^[0m
[0m[[0m[33mwarn[0m] [0m[0m/home/trolley813/clover/tsp/flink/src/main/scala/ru/itclover/tsp/EvalUtils.scala:12:3: Could not find any member to link for "com.twitter.util.Eval".[0m
[0m[[0m[33mwarn[0m] [0m[0m  /**[0m
[0m[[0m[33mwarn[0m] [0m[0m  ^[0m
[0m[[0m[33mwarn[0m] [0m[0mthree warnings found[0m
[0m[[0m[0minfo[0m] [0m[0mMain Scala API documentation successful.[0m
[0m[[0m[0minfo[0m] [0m[0mPackaging /home/trolley813/clover/tsp/flink/target/scala-2.11/flinkconnector_2.11-0.11.3-1-g8a5df72-SNAPSHOT-javadoc.jar ...[0m
[0m[[0m[0minfo[0m] [0m[0mDone packaging.[0m
[0m[[0m[33mwarn[0m] [0m[0mMultiple main classes detected.  Run 'show discoveredMainClasses' to see the list[0m
[0m[[0m[0minfo[0m] [0m[0mWrote /home/trolley813/clover/tsp/http/target/scala-2.11/http_2.11-0.11.3-1-g8a5df72-SNAPSHOT.pom[0m
[0m[[0m[0minfo[0m] [0m[0mMain Scala API documentation to /home/trolley813/clover/tsp/http/target/scala-2.11/api...[0m
[0m[[0m[33mwarn[0m] [0m[0m/home/trolley813/clover/tsp/http/src/main/scala/ru/itclover/tsp/http/HttpService.scala:85:15: Adapting argument list by creating a 2-tuple: this may not be what you want.[0m
[0m[[0m[33mwarn[0m] [0m[0m        signature: RouteDirectives.complete(m: => akka.http.scaladsl.marshalling.ToResponseMarshallable): akka.http.scaladsl.server.StandardRoute[0m
[0m[[0m[33mwarn[0m] [0m[0m  given arguments: InternalServerError, FailureResponse(5001, StringContext("Job execution failure").s(), if (isHideExceptions.unary_$bang)[0m
[0m[[0m[33mwarn[0m] [0m[0m  Seq(error)[0m
[0m[[0m[33mwarn[0m] [0m[0melse[0m
[0m[[0m[33mwarn[0m] [0m[0m  Seq.empty)[0m
[0m[[0m[33mwarn[0m] [0m[0m after adaptation: RouteDirectives.complete((InternalServerError, FailureResponse(5001, StringContext("Job execution failure").s(), if (isHideExceptions.unary_$bang)[0m
[0m[[0m[33mwarn[0m] [0m[0m  Seq(error)[0m
[0m[[0m[33mwarn[0m] [0m[0melse[0m
[0m[[0m[33mwarn[0m] [0m[0m  Seq.empty)): akka.http.scaladsl.marshalling.ToResponseMarshallable)[0m
[0m[[0m[33mwarn[0m] [0m[0m      complete([0m
[0m[[0m[33mwarn[0m] [0m[0m              ^[0m
[0m[[0m[33mwarn[0m] [0m[0m/home/trolley813/clover/tsp/http/src/main/scala/ru/itclover/tsp/http/HttpService.scala:95:15: Adapting argument list by creating a 2-tuple: this may not be what you want.[0m
[0m[[0m[33mwarn[0m] [0m[0m        signature: RouteDirectives.complete(m: => akka.http.scaladsl.marshalling.ToResponseMarshallable): akka.http.scaladsl.server.StandardRoute[0m
[0m[[0m[33mwarn[0m] [0m[0m  given arguments: InternalServerError, FailureResponse(5002, StringContext("Job execution failure").s(), if (isHideExceptions.unary_$bang)[0m
[0m[[0m[33mwarn[0m] [0m[0m  Seq(error)[0m
[0m[[0m[33mwarn[0m] [0m[0melse[0m
[0m[[0m[33mwarn[0m] [0m[0m  Seq.empty)[0m
[0m[[0m[33mwarn[0m] [0m[0m after adaptation: RouteDirectives.complete((InternalServerError, FailureResponse(5002, StringContext("Job execution failure").s(), if (isHideExceptions.unary_$bang)[0m
[0m[[0m[33mwarn[0m] [0m[0m  Seq(error)[0m
[0m[[0m[33mwarn[0m] [0m[0melse[0m
[0m[[0m[33mwarn[0m] [0m[0m  Seq.empty)): akka.http.scaladsl.marshalling.ToResponseMarshallable)[0m
[0m[[0m[33mwarn[0m] [0m[0m      complete([0m
[0m[[0m[33mwarn[0m] [0m[0m              ^[0m
[0m[[0m[33mwarn[0m] [0m[0m/home/trolley813/clover/tsp/http/src/main/scala/ru/itclover/tsp/http/HttpService.scala:102:15: Adapting argument list by creating a 2-tuple: this may not be what you want.[0m
[0m[[0m[33mwarn[0m] [0m[0m        signature: RouteDirectives.complete(m: => akka.http.scaladsl.marshalling.ToResponseMarshallable): akka.http.scaladsl.server.StandardRoute[0m
[0m[[0m[33mwarn[0m] [0m[0m  given arguments: BadRequest, FailureResponse(4005, "Invalid request", Seq(msg))[0m
[0m[[0m[33mwarn[0m] [0m[0m after adaptation: RouteDirectives.complete((BadRequest, FailureResponse(4005, "Invalid request", Seq(msg))): akka.http.scaladsl.marshalling.ToResponseMarshallable)[0m
[0m[[0m[33mwarn[0m] [0m[0m      complete(BadRequest, FailureResponse(4005, "Invalid request", Seq(msg)))[0m
[0m[[0m[33mwarn[0m] [0m[0m              ^[0m
[0m[[0m[33mwarn[0m] [0m[0m/home/trolley813/clover/tsp/http/src/main/scala/ru/itclover/tsp/http/HttpService.scala:109:15: Adapting argument list by creating a 2-tuple: this may not be what you want.[0m
[0m[[0m[33mwarn[0m] [0m[0m        signature: RouteDirectives.complete(m: => akka.http.scaladsl.marshalling.ToResponseMarshallable): akka.http.scaladsl.server.StandardRoute[0m
[0m[[0m[33mwarn[0m] [0m[0m  given arguments: InternalServerError, FailureResponse(5005, StringContext("Request handling failure").s(), if (isHideExceptions.unary_$bang)[0m
[0m[[0m[33mwarn[0m] [0m[0m  Seq(error)[0m
[0m[[0m[33mwarn[0m] [0m[0melse[0m
[0m[[0m[33mwarn[0m] [0m[0m  Seq.empty)[0m
[0m[[0m[33mwarn[0m] [0m[0m after adaptation: RouteDirectives.complete((InternalServerError, FailureResponse(5005, StringContext("Request handling failure").s(), if (isHideExceptions.unary_$bang)[0m
[0m[[0m[33mwarn[0m] [0m[0m  Seq(error)[0m
[0m[[0m[33mwarn[0m] [0m[0melse[0m
[0m[[0m[33mwarn[0m] [0m[0m  Seq.empty)): akka.http.scaladsl.marshalling.ToResponseMarshallable)[0m
[0m[[0m[33mwarn[0m] [0m[0m      complete([0m
[0m[[0m[33mwarn[0m] [0m[0m              ^[0m
[0m[[0m[33mwarn[0m] [0m[0m/home/trolley813/clover/tsp/http/src/main/scala/ru/itclover/tsp/http/HttpService.scala:62:17: Adapting argument list by creating a 2-tuple: this may not be what you want.[0m
[0m[[0m[33mwarn[0m] [0m[0m        signature: RouteDirectives.complete(m: => akka.http.scaladsl.marshalling.ToResponseMarshallable): akka.http.scaladsl.server.StandardRoute[0m
[0m[[0m[33mwarn[0m] [0m[0m  given arguments: NotFound, FailureResponse(404, StringContext("Path not found: `", "`").s(p), Seq.empty)[0m
[0m[[0m[33mwarn[0m] [0m[0m after adaptation: RouteDirectives.complete((NotFound, FailureResponse(404, StringContext("Path not found: `", "`").s(p), Seq.empty)): akka.http.scaladsl.marshalling.ToResponseMarshallable)[0m
[0m[[0m[33mwarn[0m] [0m[0m        complete(NotFound, FailureResponse(404, s"Path not found: `$p`", Seq.empty))[0m
[0m[[0m[33mwarn[0m] [0m[0m                ^[0m
[0m[[0m[33mwarn[0m] [0m[0m/home/trolley813/clover/tsp/http/src/main/scala/ru/itclover/tsp/http/HttpService.scala:66:15: Adapting argument list by creating a 2-tuple: this may not be what you want.[0m
[0m[[0m[33mwarn[0m] [0m[0m        signature: RouteDirectives.complete(m: => akka.http.scaladsl.marshalling.ToResponseMarshallable): akka.http.scaladsl.server.StandardRoute[0m
[0m[[0m[33mwarn[0m] [0m[0m  given arguments: BadRequest, FailureResponse(4001, StringContext("Malformed field.").s(), x.map(((x$4: akka.http.scaladsl.server.MalformedFormFieldRejection) => x$4.toString)))[0m
[0m[[0m[33mwarn[0m] [0m[0m after adaptation: RouteDirectives.complete((BadRequest, FailureResponse(4001, StringContext("Malformed field.").s(), x.map(((x$4: akka.http.scaladsl.server.MalformedFormFieldRejection) => x$4.toString)))): akka.http.scaladsl.marshalling.ToResponseMarshallable)[0m
[0m[[0m[33mwarn[0m] [0m[0m      complete(BadRequest, FailureResponse(4001, s"Malformed field.", x.map(_.toString)))[0m
[0m[[0m[33mwarn[0m] [0m[0m              ^[0m
[0m[[0m[33mwarn[0m] [0m[0m/home/trolley813/clover/tsp/http/src/main/scala/ru/itclover/tsp/http/HttpService.scala:69:15: Adapting argument list by creating a 2-tuple: this may not be what you want.[0m
[0m[[0m[33mwarn[0m] [0m[0m        signature: RouteDirectives.complete(m: => akka.http.scaladsl.marshalling.ToResponseMarshallable): akka.http.scaladsl.server.StandardRoute[0m
[0m[[0m[33mwarn[0m] [0m[0m  given arguments: BadRequest, FailureResponse(4002, StringContext("Malformed query.").s(), x.map(((x$5: akka.http.scaladsl.server.MalformedQueryParamRejection) => x$5.toString)))[0m
[0m[[0m[33mwarn[0m] [0m[0m after adaptation: RouteDirectives.complete((BadRequest, FailureResponse(4002, StringContext("Malformed query.").s(), x.map(((x$5: akka.http.scaladsl.server.MalformedQueryParamRejection) => x$5.toString)))): akka.http.scaladsl.marshalling.ToResponseMarshallable)[0m
[0m[[0m[33mwarn[0m] [0m[0m      complete(BadRequest, FailureResponse(4002, s"Malformed query.", x.map(_.toString)))[0m
[0m[[0m[33mwarn[0m] [0m[0m              ^[0m
[0m[[0m[33mwarn[0m] [0m[0m/home/trolley813/clover/tsp/http/src/main/scala/ru/itclover/tsp/http/HttpService.scala:72:15: Adapting argument list by creating a 2-tuple: this may not be what you want.[0m
[0m[[0m[33mwarn[0m] [0m[0m        signature: RouteDirectives.complete(m: => akka.http.scaladsl.marshalling.ToResponseMarshallable): akka.http.scaladsl.server.StandardRoute[0m
[0m[[0m[33mwarn[0m] [0m[0m  given arguments: BadRequest, FailureResponse(4003, StringContext("Malformed request content.").s(), x.map(((x$6: akka.http.scaladsl.server.MalformedRequestContentRejection) => x$6.toString)))[0m
[0m[[0m[33mwarn[0m] [0m[0m after adaptation: RouteDirectives.complete((BadRequest, FailureResponse(4003, StringContext("Malformed request content.").s(), x.map(((x$6: akka.http.scaladsl.server.MalformedRequestContentRejection) => x$6.toString)))): akka.http.scaladsl.marshalling.ToResponseMarshallable)[0m
[0m[[0m[33mwarn[0m] [0m[0m      complete(BadRequest, FailureResponse(4003, s"Malformed request content.", x.map(_.toString)))[0m
[0m[[0m[33mwarn[0m] [0m[0m              ^[0m
[0m[[0m[33mwarn[0m] [0m[0m/home/trolley813/clover/tsp/http/src/main/scala/ru/itclover/tsp/http/HttpService.scala:75:15: Adapting argument list by creating a 2-tuple: this may not be what you want.[0m
[0m[[0m[33mwarn[0m] [0m[0m        signature: RouteDirectives.complete(m: => akka.http.scaladsl.marshalling.ToResponseMarshallable): akka.http.scaladsl.server.StandardRoute[0m
[0m[[0m[33mwarn[0m] [0m[0m  given arguments: InternalServerError, FailureResponse(5003, StringContext("Unknown rejection.").s(), Seq.empty)[0m
[0m[[0m[33mwarn[0m] [0m[0m after adaptation: RouteDirectives.complete((InternalServerError, FailureResponse(5003, StringContext("Unknown rejection.").s(), Seq.empty)): akka.http.scaladsl.marshalling.ToResponseMarshallable)[0m
[0m[[0m[33mwarn[0m] [0m[0m      complete(InternalServerError, FailureResponse(5003, s"Unknown rejection.", Seq.empty))[0m
[0m[[0m[33mwarn[0m] [0m[0m              ^[0m
[0m[[0m[33mwarn[0m] [0m[0m/home/trolley813/clover/tsp/http/src/main/scala/ru/itclover/tsp/http/routes/JobsRoutes.scala:110:17: Adapting argument list by creating a 2-tuple: this may not be what you want.[0m
[0m[[0m[33mwarn[0m] [0m[0m        signature: RouteDirectives.complete(m: => akka.http.scaladsl.marshalling.ToResponseMarshallable): akka.http.scaladsl.server.StandardRoute[0m
[0m[[0m[33mwarn[0m] [0m[0m  given arguments: BadRequest, FailureResponse(4001, "Invalid patterns source code", errs)[0m
[0m[[0m[33mwarn[0m] [0m[0m after adaptation: RouteDirectives.complete((BadRequest, FailureResponse(4001, "Invalid patterns source code", errs)): akka.http.scaladsl.marshalling.ToResponseMarshallable)[0m
[0m[[0m[33mwarn[0m] [0m[0m        complete(BadRequest, FailureResponse(4001, "Invalid patterns source code", errs))[0m
[0m[[0m[33mwarn[0m] [0m[0m                ^[0m
[0m[[0m[33mwarn[0m] [0m[0m/home/trolley813/clover/tsp/http/src/main/scala/ru/itclover/tsp/http/routes/JobsRoutes.scala:112:17: Adapting argument list by creating a 2-tuple: this may not be what you want.[0m
[0m[[0m[33mwarn[0m] [0m[0m        signature: RouteDirectives.complete(m: => akka.http.scaladsl.marshalling.ToResponseMarshallable): akka.http.scaladsl.server.StandardRoute[0m
[0m[[0m[33mwarn[0m] [0m[0m  given arguments: InternalServerError, FailureResponse(ex)[0m
[0m[[0m[33mwarn[0m] [0m[0m after adaptation: RouteDirectives.complete((InternalServerError, FailureResponse(ex)): akka.http.scaladsl.marshalling.ToResponseMarshallable)[0m
[0m[[0m[33mwarn[0m] [0m[0m        complete(InternalServerError, FailureResponse(ex))[0m
[0m[[0m[33mwarn[0m] [0m[0m                ^[0m
[0m[[0m[33mwarn[0m] [0m[0m/home/trolley813/clover/tsp/http/src/main/scala/ru/itclover/tsp/http/routes/JobsRoutes.scala:135:39: Adapting argument list by creating a 2-tuple: this may not be what you want.[0m
[0m[[0m[33mwarn[0m] [0m[0m        signature: RouteDirectives.complete(m: => akka.http.scaladsl.marshalling.ToResponseMarshallable): akka.http.scaladsl.server.StandardRoute[0m
[0m[[0m[33mwarn[0m] [0m[0m  given arguments: InternalServerError, FailureResponse(5005, err)[0m
[0m[[0m[33mwarn[0m] [0m[0m after adaptation: RouteDirectives.complete((InternalServerError, FailureResponse(5005, err)): akka.http.scaladsl.marshalling.ToResponseMarshallable)[0m
[0m[[0m[33mwarn[0m] [0m[0m            case Left(err) => complete(InternalServerError, FailureResponse(5005, err))[0m
[0m[[0m[33mwarn[0m] [0m[0m                                      ^[0m
[0m[[0m[33mwarn[0m] [0m[0m/home/trolley813/clover/tsp/http/src/main/scala/ru/itclover/tsp/http/routes/MonitoringRoutes.scala:47:37: Adapting argument list by creating a 2-tuple: this may not be what you want.[0m
[0m[[0m[33mwarn[0m] [0m[0m        signature: RouteDirectives.complete(m: => akka.http.scaladsl.marshalling.ToResponseMarshallable): akka.http.scaladsl.server.StandardRoute[0m
[0m[[0m[33mwarn[0m] [0m[0m  given arguments: BadRequest, FailureResponse(4006, "No such job.", Seq.empty)[0m
[0m[[0m[33mwarn[0m] [0m[0m after adaptation: RouteDirectives.complete((BadRequest, FailureResponse(4006, "No such job.", Seq.empty)): akka.http.scaladsl.marshalling.ToResponseMarshallable)[0m
[0m[[0m[33mwarn[0m] [0m[0m      case Success(None) => complete(BadRequest, FailureResponse(4006, "No such job.", Seq.empty))[0m
[0m[[0m[33mwarn[0m] [0m[0m                                    ^[0m
[0m[[0m[33mwarn[0m] [0m[0m/home/trolley813/clover/tsp/http/src/main/scala/ru/itclover/tsp/http/routes/MonitoringRoutes.scala:48:36: Adapting argument list by creating a 2-tuple: this may not be what you want.[0m
[0m[[0m[33mwarn[0m] [0m[0m        signature: RouteDirectives.complete(m: => akka.http.scaladsl.marshalling.ToResponseMarshallable): akka.http.scaladsl.server.StandardRoute[0m
[0m[[0m[33mwarn[0m] [0m[0m  given arguments: InternalServerError, FailureResponse(5005, err)[0m
[0m[[0m[33mwarn[0m] [0m[0m after adaptation: RouteDirectives.complete((InternalServerError, FailureResponse(5005, err)): akka.http.scaladsl.marshalling.ToResponseMarshallable)[0m
[0m[[0m[33mwarn[0m] [0m[0m      case Failure(err) => complete(InternalServerError, FailureResponse(5005, err))[0m
[0m[[0m[33mwarn[0m] [0m[0m                                   ^[0m
[0m[[0m[33mwarn[0m] [0m[0m/home/trolley813/clover/tsp/http/src/main/scala/ru/itclover/tsp/http/routes/MonitoringRoutes.scala:53:37: Adapting argument list by creating a 2-tuple: this may not be what you want.[0m
[0m[[0m[33mwarn[0m] [0m[0m        signature: RouteDirectives.complete(m: => akka.http.scaladsl.marshalling.ToResponseMarshallable): akka.http.scaladsl.server.StandardRoute[0m
[0m[[0m[33mwarn[0m] [0m[0m  given arguments: BadRequest, FailureResponse(4006, "No such job.", Seq.empty)[0m
[0m[[0m[33mwarn[0m] [0m[0m after adaptation: RouteDirectives.complete((BadRequest, FailureResponse(4006, "No such job.", Seq.empty)): akka.http.scaladsl.marshalling.ToResponseMarshallable)[0m
[0m[[0m[33mwarn[0m] [0m[0m      case Success(None) => complete(BadRequest, FailureResponse(4006, "No such job.", Seq.empty))[0m
[0m[[0m[33mwarn[0m] [0m[0m                                    ^[0m
[0m[[0m[33mwarn[0m] [0m[0m/home/trolley813/clover/tsp/http/src/main/scala/ru/itclover/tsp/http/routes/MonitoringRoutes.scala:54:36: Adapting argument list by creating a 2-tuple: this may not be what you want.[0m
[0m[[0m[33mwarn[0m] [0m[0m        signature: RouteDirectives.complete(m: => akka.http.scaladsl.marshalling.ToResponseMarshallable): akka.http.scaladsl.server.StandardRoute[0m
[0m[[0m[33mwarn[0m] [0m[0m  given arguments: InternalServerError, FailureResponse(5005, err)[0m
[0m[[0m[33mwarn[0m] [0m[0m after adaptation: RouteDirectives.complete((InternalServerError, FailureResponse(5005, err)): akka.http.scaladsl.marshalling.ToResponseMarshallable)[0m
[0m[[0m[33mwarn[0m] [0m[0m      case Failure(err) => complete(InternalServerError, FailureResponse(5005, err))[0m
[0m[[0m[33mwarn[0m] [0m[0m                                   ^[0m
[0m[[0m[33mwarn[0m] [0m[0m/home/trolley813/clover/tsp/http/src/main/scala/ru/itclover/tsp/http/routes/MonitoringRoutes.scala:60:37: Adapting argument list by creating a 2-tuple: this may not be what you want.[0m
[0m[[0m[33mwarn[0m] [0m[0m        signature: RouteDirectives.complete(m: => akka.http.scaladsl.marshalling.ToResponseMarshallable): akka.http.scaladsl.server.StandardRoute[0m
[0m[[0m[33mwarn[0m] [0m[0m  given arguments: BadRequest, FailureResponse(4006, "No such job.", Seq.empty)[0m
[0m[[0m[33mwarn[0m] [0m[0m after adaptation: RouteDirectives.complete((BadRequest, FailureResponse(4006, "No such job.", Seq.empty)): akka.http.scaladsl.marshalling.ToResponseMarshallable)[0m
[0m[[0m[33mwarn[0m] [0m[0m      case Success(None) => complete(BadRequest, FailureResponse(4006, "No such job.", Seq.empty))[0m
[0m[[0m[33mwarn[0m] [0m[0m                                    ^[0m
[0m[[0m[33mwarn[0m] [0m[0m/home/trolley813/clover/tsp/http/src/main/scala/ru/itclover/tsp/http/routes/MonitoringRoutes.scala:61:36: Adapting argument list by creating a 2-tuple: this may not be what you want.[0m
[0m[[0m[33mwarn[0m] [0m[0m        signature: RouteDirectives.complete(m: => akka.http.scaladsl.marshalling.ToResponseMarshallable): akka.http.scaladsl.server.StandardRoute[0m
[0m[[0m[33mwarn[0m] [0m[0m  given arguments: InternalServerError, FailureResponse(5005, err)[0m
[0m[[0m[33mwarn[0m] [0m[0m after adaptation: RouteDirectives.complete((InternalServerError, FailureResponse(5005, err)): akka.http.scaladsl.marshalling.ToResponseMarshallable)[0m
[0m[[0m[33mwarn[0m] [0m[0m      case Failure(err) => complete(InternalServerError, FailureResponse(5005, err))[0m
[0m[[0m[33mwarn[0m] [0m[0m                                   ^[0m
[0m[[0m[33mwarn[0m] [0m[0m/home/trolley813/clover/tsp/http/src/main/scala/ru/itclover/tsp/http/routes/MonitoringRoutes.scala:67:37: Adapting argument list by creating a 2-tuple: this may not be what you want.[0m
[0m[[0m[33mwarn[0m] [0m[0m        signature: RouteDirectives.complete(m: => akka.http.scaladsl.marshalling.ToResponseMarshallable): akka.http.scaladsl.server.StandardRoute[0m
[0m[[0m[33mwarn[0m] [0m[0m  given arguments: InternalServerError, FailureResponse(4006, "No connection to Flink Monitoring.", Seq.empty)[0m
[0m[[0m[33mwarn[0m] [0m[0m after adaptation: RouteDirectives.complete((InternalServerError, FailureResponse(4006, "No connection to Flink Monitoring.", Seq.empty)): akka.http.scaladsl.marshalling.ToResponseMarshallable)[0m
[0m[[0m[33mwarn[0m] [0m[0m      case Success(None) => complete([0m
[0m[[0m[33mwarn[0m] [0m[0m                                    ^[0m
[0m[[0m[33mwarn[0m] [0m[0m/home/trolley813/clover/tsp/http/src/main/scala/ru/itclover/tsp/http/routes/MonitoringRoutes.scala:71:36: Adapting argument list by creating a 2-tuple: this may not be what you want.[0m
[0m[[0m[33mwarn[0m] [0m[0m        signature: RouteDirectives.complete(m: => akka.http.scaladsl.marshalling.ToResponseMarshallable): akka.http.scaladsl.server.StandardRoute[0m
[0m[[0m[33mwarn[0m] [0m[0m  given arguments: InternalServerError, FailureResponse(5005, err)[0m
[0m[[0m[33mwarn[0m] [0m[0m after adaptation: RouteDirectives.complete((InternalServerError, FailureResponse(5005, err)): akka.http.scaladsl.marshalling.ToResponseMarshallable)[0m
[0m[[0m[33mwarn[0m] [0m[0m      case Failure(err) => complete(InternalServerError, FailureResponse(5005, err))[0m
[0m[[0m[33mwarn[0m] [0m[0m                                   ^[0m
[0m[[0m[33mwarn[0m] [0m[0m/home/trolley813/clover/tsp/http/src/main/scala/ru/itclover/tsp/http/services/flink/MonitoringService.scala:47:49: Adaptation of argument list by inserting () has been deprecated: this is unlikely to be what you want.[0m
[0m[[0m[33mwarn[0m] [0m[0m        signature: Some.apply[A](x: A): Some[A][0m
[0m[[0m[33mwarn[0m] [0m[0m  given arguments: <none>[0m
[0m[[0m[33mwarn[0m] [0m[0m after adaptation: Some((): Unit)[0m
[0m[[0m[33mwarn[0m] [0m[0m        case Right(_)  => Future.successful(Some())[0m
[0m[[0m[33mwarn[0m] [0m[0m                                                ^[0m
model contains 55 documentable templates
[0m[[0m[33mwarn[0m] [0m[0m21 warnings found[0m
[0m[[0m[0minfo[0m] [0m[0mMain Scala API documentation successful.[0m
[0m[[0m[0minfo[0m] [0m[0mPackaging /home/trolley813/clover/tsp/http/target/scala-2.11/http_2.11-0.11.3-1-g8a5df72-SNAPSHOT-javadoc.jar ...[0m
[0m[[0m[0minfo[0m] [0m[0mDone packaging.[0m
[0m[[0m[0minfo[0m] [0m[0mWrote /home/trolley813/clover/tsp/spark/target/scala-2.11/spark_2.11-0.11.3-1-g8a5df72-SNAPSHOT.pom[0m
[0m[[0m[0minfo[0m] [0m[0mMain Scala API documentation to /home/trolley813/clover/tsp/spark/target/scala-2.11/api...[0m
model contains 9 documentable templates
[0m[[0m[0minfo[0m] [0m[0mMain Scala API documentation successful.[0m
[0m[[0m[0minfo[0m] [0m[0mPackaging /home/trolley813/clover/tsp/spark/target/scala-2.11/spark_2.11-0.11.3-1-g8a5df72-SNAPSHOT-javadoc.jar ...[0m
[0m[[0m[0minfo[0m] [0m[0mDone packaging.[0m
[0m[[0m[33mwarn[0m] [0m[0m[1] The maintainer is empty[0m
[0m[[0m[33mwarn[0m] [0m[0mAdd this to your build.sbt[0m
[0m[[0m[33mwarn[0m] [0m[0m  maintainer := "your.name@company.org"[0m
[0m[[0m[32msuccess[0m] [0m[0mAll package validations passed[0m
[0m[[0m[32msuccess[0m] [0m[0mTotal time: 32 s, completed 21.09.2018 17:18:53[0m
